<?xml version="1.0" encoding="UTF-8"?>
<!-- Generated by org.testng.reporters.JUnitReportReporter -->
<testsuite name="PositiveApprovalForNewQuotationTest" tests="4" time="0.000" ignored="0" failures="0" timestamp="30 gru 2016 11:59:11 GMT" skipped="4" hostname="PL-L-R90JMS9U" errors="0">
  <testcase name="shouldAddProducts" time="0.000" classname="PositiveApprovalForNewQuotationTest">
    <skipped/>
  </testcase> <!-- shouldAddProducts -->
  <testcase name="shouldStartApproval" time="0.000" classname="PositiveApprovalForNewQuotationTest">
    <skipped/>
  </testcase> <!-- shouldStartApproval -->
  <testcase name="shouldLogIntoToCqp" time="0.000" classname="PositiveApprovalForNewQuotationTest">
    <skipped/>
  </testcase> <!-- shouldLogIntoToCqp -->
  <testcase name="shouldCreateQuotation" time="0.000" classname="PositiveApprovalForNewQuotationTest">
    <skipped/>
  </testcase> <!-- shouldCreateQuotation -->
</testsuite> <!-- PositiveApprovalForNewQuotationTest -->
