<?xml version="1.0" encoding="UTF-8"?>
<!-- Generated by org.testng.reporters.JUnitReportReporter -->
<testsuite name="CreateSupportTest" tests="6" time="0.001" ignored="0" failures="0" timestamp="30 gru 2016 11:59:11 GMT" skipped="6" hostname="PL-L-R90JMS9U" errors="0">
  <testcase name="shouldOpenRequest" time="0.000" classname="CreateSupportTest">
    <skipped/>
  </testcase> <!-- shouldOpenRequest -->
  <testcase name="shouldReplyToRequest" time="0.000" classname="CreateSupportTest">
    <skipped/>
  </testcase> <!-- shouldReplyToRequest -->
  <testcase name="shouldLogIntoToCqp" time="0.000" classname="CreateSupportTest">
    <skipped/>
  </testcase> <!-- shouldLogIntoToCqp -->
  <testcase name="shouldCreateQuotation" time="0.000" classname="CreateSupportTest">
    <skipped/>
  </testcase> <!-- shouldCreateQuotation -->
  <testcase name="shouldAddProducts" time="0.000" classname="CreateSupportTest">
    <skipped/>
  </testcase> <!-- shouldAddProducts -->
  <testcase name="shouldStartSupportRequest" time="0.001" classname="CreateSupportTest">
    <skipped/>
  </testcase> <!-- shouldStartSupportRequest -->
</testsuite> <!-- CreateSupportTest -->
