<?xml version="1.0" encoding="UTF-8"?>
<!-- Generated by org.testng.reporters.JUnitReportReporter -->
<testsuite name="LoginTest" tests="4" time="0.000" ignored="0" failures="0" timestamp="30 gru 2016 11:59:11 GMT" skipped="4" hostname="PL-L-R90JMS9U" errors="0">
  <testcase name="shouldShowUnauthorizedMessageLogInWithWrongPassword" time="0.000" classname="LoginTest">
    <skipped/>
  </testcase> <!-- shouldShowUnauthorizedMessageLogInWithWrongPassword -->
  <testcase name="shouldShowUnauthorizedMessageLogInWithWrongUsername" time="0.000" classname="LoginTest">
    <skipped/>
  </testcase> <!-- shouldShowUnauthorizedMessageLogInWithWrongUsername -->
  <testcase name="shouldLogInToCqp" time="0.000" classname="LoginTest">
    <skipped/>
  </testcase> <!-- shouldLogInToCqp -->
  <testcase name="shouldShowUnauthorizedMessageLogInWithEmptyFields" time="0.000" classname="LoginTest">
    <skipped/>
  </testcase> <!-- shouldShowUnauthorizedMessageLogInWithEmptyFields -->
</testsuite> <!-- LoginTest -->
